C51 COMPILER V9.54   UART                                                                  11/28/2023 10:45:45 PAGE 1   


C51 COMPILER V9.54, COMPILATION OF MODULE UART
OBJECT MODULE PLACED IN .\Objects\UART.obj
COMPILER INVOKED BY: E:\C51\C51\BIN\C51.EXE UART.c OPTIMIZE(8,SPEED) BROWSE DEBUG OBJECTEXTEND PRINT(.\Listings\UART.lst
                    -) TABS(2) OBJECT(.\Objects\UART.obj)

line level    source

   1          #include <REGX52.H>
   2          
   3          /**
   4            * @brief  串口初始化，4800bps@12.000MHz
   5            * @param  无
   6            * @retval 无
   7            */
   8          //void UART_Init()
   9          //{
  10          
  11          //  PCON &= 0x7F;   //波特率不倍速
  12          //  SCON = 0x50;    //8位数据,可变波特率
  13          //  //AUXR &= 0xBF;   //定时器1时钟为Fosc/12,即12T
  14          //  //AUXR &= 0xFE;   //串口1选择定时器1为波特率发生器
  15          //  TMOD &= 0x0F;   //清除定时器1模式位
  16          //  TMOD |= 0x20;   //设定定时器1为8位自动重装方式
  17          //  TL1 = 0xF4;   //设定定时初值
  18          //  TH1 = 0xF4;   //设定定时器重装值
  19          //  ET1 = 0;    //禁止定时器1中断
  20          //  TR1 = 1;    //启动定时器1
  21          //}
  22          
  23          
  24          void UART_Init(void)    //2400bps@12.000MHz
  25          {
  26   1        PCON |= 0x80;   //使能波特率倍速位SMOD
  27   1        SCON = 0x50;    //8位数据,可变波特率
  28   1        //AUXR &= 0xBF;   //定时器1时钟为Fosc/12,即12T
  29   1        //AUXR &= 0xFE;   //串口1选择定时器1为波特率发生器
  30   1        TMOD &= 0x0F;   //清除定时器1模式位
  31   1        TMOD |= 0x20;   //设定定时器1为8位自动重装方式
  32   1        TL1 = 0xE6;   //设定定时初值
  33   1        TH1 = 0xE6;   //设定定时器重装值
  34   1        ET1 = 0;    //禁止定时器1中断
  35   1        TR1 = 1;    //启动定时器1
  36   1        EA = 1;
  37   1        ES = 1;
  38   1      }
  39          
  40          
  41          
  42          /**
  43            * @brief  串口发送一个字节数据
  44            * @param  Byte 要发送的一个字节数据
  45            * @retval 无
  46            */
  47          void UART_SendByte(unsigned char Byte)
  48          {
  49   1        SBUF=Byte;
  50   1        while(TI==0);
  51   1        TI=0;
  52   1      }
  53          
  54          /*串口中断函数模板
C51 COMPILER V9.54   UART                                                                  11/28/2023 10:45:45 PAGE 2   

  55          void UART_Routine() interrupt 4
  56          {
  57            if(RI==1)
  58            {
  59              
  60              RI=0;
  61            }
  62          }
  63          */


MODULE INFORMATION:   STATIC OVERLAYABLE
   CODE SIZE        =     35    ----
   CONSTANT SIZE    =   ----    ----
   XDATA SIZE       =   ----    ----
   PDATA SIZE       =   ----    ----
   DATA SIZE        =   ----    ----
   IDATA SIZE       =   ----    ----
   BIT SIZE         =   ----    ----
END OF MODULE INFORMATION.


C51 COMPILATION COMPLETE.  0 WARNING(S),  0 ERROR(S)
