C51 COMPILER V9.54   DISPLAY                                                               11/24/2023 00:26:33 PAGE 1   


C51 COMPILER V9.54, COMPILATION OF MODULE DISPLAY
OBJECT MODULE PLACED IN .\Objects\display.obj
COMPILER INVOKED BY: E:\C51\C51\BIN\C51.EXE display.c OPTIMIZE(8,SPEED) BROWSE DEBUG OBJECTEXTEND PRINT(.\Listings\displ
                    -ay.lst) TABS(2) OBJECT(.\Objects\display.obj)

line level    source

   1          #include <REGX52.H>
   2          #include "Delay.h"
   3          
   4          unsigned char library[]={0x3F,0x06,0x5B,0x4F,0x66,0x6D,0x7D,0x07,0x7F,0x6F,0x09};
   5          
   6          void display(unsigned char Location,Number)
   7          {
   8   1        switch(Location)    
   9   1        {
  10   2          case 1:P2_4=1;P2_3=1;P2_2=1;break;
  11   2          case 2:P2_4=1;P2_3=1;P2_2=0;break;
  12   2          case 3:P2_4=1;P2_3=0;P2_2=1;break;
  13   2          case 4:P2_4=1;P2_3=0;P2_2=0;break;
  14   2          case 5:P2_4=0;P2_3=1;P2_2=1;break;
  15   2          case 6:P2_4=0;P2_3=1;P2_2=0;break;
  16   2          case 7:P2_4=0;P2_3=0;P2_2=1;break;
  17   2          case 8:P2_4=0;P2_3=0;P2_2=0;break;
  18   2        }
  19   1        P0=library[Number]; //段码输出
  20   1        Delay(1);       //显示一段时间
  21   1        P0=0x00;        //段码清0，消影
  22   1      }


MODULE INFORMATION:   STATIC OVERLAYABLE
   CODE SIZE        =    109    ----
   CONSTANT SIZE    =   ----    ----
   XDATA SIZE       =   ----    ----
   PDATA SIZE       =   ----    ----
   DATA SIZE        =     11    ----
   IDATA SIZE       =   ----    ----
   BIT SIZE         =   ----    ----
END OF MODULE INFORMATION.


C51 COMPILATION COMPLETE.  0 WARNING(S),  0 ERROR(S)
