C51 COMPILER V9.54   MAIN                                                                  11/14/2023 15:07:41 PAGE 1   


C51 COMPILER V9.54, COMPILATION OF MODULE MAIN
OBJECT MODULE PLACED IN .\Objects\main.obj
COMPILER INVOKED BY: C:\Keil_v5\C51\BIN\C51.EXE main.c OPTIMIZE(8,SPEED) BROWSE DEBUG OBJECTEXTEND PRINT(.\Listings\main
                    -.lst) TABS(2) OBJECT(.\Objects\main.obj)

line level    source

   1          #include <REGX52.H>
   2          #include "LCD1602.h"
   3          #include "DS18B20.h"
   4          #include "Delay.h"
   5          
   6          float T;
   7          
   8          void main()
   9          {
  10   1        DS18B20_ConvertT();   //上电先转换一次温度，防止第一次读数据错误
  11   1        Delay(1000);      //等待转换完成
  12   1        LCD_Init();
  13   1        LCD_ShowString(1,1,"Temperature:");
  14   1        while(1)
  15   1        {
  16   2          DS18B20_ConvertT(); //转换温度
  17   2          T=DS18B20_ReadT();  //读取温度
  18   2          if(T<0)       //如果温度小于0
  19   2          {
  20   3            LCD_ShowChar(2,1,'-');  //显示负号
  21   3            T=-T;     //将温度变为正数
  22   3          }else       //如果温度大于等于0
  23   2          {
  24   3            LCD_ShowChar(2,1,'+');  //显示正号
  25   3          }
  26   2          LCD_ShowNum(2,2,T,3);   //显示温度整数部分
  27   2          LCD_ShowChar(2,5,'.');    //显示小数点
  28   2          LCD_ShowNum(2,6,(unsigned long)(T*10000)%10000,4);//显示温度小数部分
  29   2          if(T>25){
  30   3            
  31   3            P2 = 0x1f; //0000 1111
  32   3            Delay(300);
  33   3            P2 = 0x00;
  34   3            Delay(300);
  35   3            
  36   3          }
  37   2        
  38   2        }
  39   1      }
  40          


MODULE INFORMATION:   STATIC OVERLAYABLE
   CODE SIZE        =    221    ----
   CONSTANT SIZE    =     13    ----
   XDATA SIZE       =   ----    ----
   PDATA SIZE       =   ----    ----
   DATA SIZE        =      4    ----
   IDATA SIZE       =   ----    ----
   BIT SIZE         =   ----    ----
END OF MODULE INFORMATION.


C51 COMPILATION COMPLETE.  0 WARNING(S),  0 ERROR(S)
