C51 COMPILER V9.54   UART                                                                  11/23/2023 22:38:34 PAGE 1   


C51 COMPILER V9.54, COMPILATION OF MODULE UART
OBJECT MODULE PLACED IN .\Objects\UART.obj
COMPILER INVOKED BY: E:\C51\C51\BIN\C51.EXE UART.c OPTIMIZE(8,SPEED) BROWSE DEBUG OBJECTEXTEND PRINT(.\Listings\UART.lst
                    -) TABS(2) OBJECT(.\Objects\UART.obj)

line level    source

   1          #include <REGX52.H>
   2          
   3          /**
   4            * @brief  串口初始化，4800bps@12.000MHz
   5            * @param  无
   6            * @retval 无
   7            */
   8          void UART_Init()
   9          {
  10   1        SCON=0x50;
  11   1        PCON |= 0x80;
  12   1        TMOD &= 0x0F;   //设置定时器模式
  13   1        TMOD |= 0x20;   //设置定时器模式
  14   1        TL1 = 0xF3;   //设定定时初值
  15   1        TH1 = 0xF3;   //设定定时器重装值
  16   1        ET1 = 0;    //禁止定时器1中断
  17   1        TR1 = 1;    //启动定时器1
  18   1        EA=1;
  19   1        ES=1;
  20   1      }
  21          
  22          /**
  23            * @brief  串口发送一个字节数据
  24            * @param  Byte 要发送的一个字节数据
  25            * @retval 无
  26            */
  27          void UART_SendByte(unsigned char Byte)
  28          {
  29   1        SBUF=Byte;
  30   1        while(TI==0);
  31   1        TI=0;
  32   1      }
  33          
  34          /*串口中断函数模板
  35          void UART_Routine() interrupt 4
  36          {
  37            if(RI==1)
  38            {
  39              
  40              RI=0;
  41            }
  42          }
  43          */


MODULE INFORMATION:   STATIC OVERLAYABLE
   CODE SIZE        =     35    ----
   CONSTANT SIZE    =   ----    ----
   XDATA SIZE       =   ----    ----
   PDATA SIZE       =   ----    ----
   DATA SIZE        =   ----    ----
   IDATA SIZE       =   ----    ----
   BIT SIZE         =   ----    ----
END OF MODULE INFORMATION.

C51 COMPILER V9.54   UART                                                                  11/23/2023 22:38:34 PAGE 2   


C51 COMPILATION COMPLETE.  0 WARNING(S),  0 ERROR(S)
