C51 COMPILER V9.54   MAIN                                                                  11/17/2023 22:52:15 PAGE 1   


C51 COMPILER V9.54, COMPILATION OF MODULE MAIN
OBJECT MODULE PLACED IN .\Objects\main.obj
COMPILER INVOKED BY: E:\C51\C51\BIN\C51.EXE main.c OPTIMIZE(8,SPEED) BROWSE DEBUG OBJECTEXTEND PRINT(.\Listings\main.lst
                    -) TABS(2) OBJECT(.\Objects\main.obj)

line level    source

   1          #include<reg51.h>
   2          sbit OSC = P1^0;
   3          
   4          main()
   5          {
   6   1          TMOD=0x20;     //??T0???2
   7   1          TH1=256 - 80;   //??36us
   8   1          TL1=TH1;  
   9   1          EA=1;      //?????
  10   1          TR1=1;        //??T0???
  11   1          ET1=1;       //??????0??
  12   1          while(1);
  13   1      }
  14          
  15          void ET0_ISR(void) interrupt 3     //????
  16          {  
  17   1         unsigned int i;
  18   1         i++;
  19   1         if(i == 1)
  20   1        {       
  21   2            OSC = 0;    //36us???????,????
  22   2        }
  23   1          else if (i == 5)       
  24   1        {
  25   2            OSC = 1;   //360us???????,????
  26   2          i=0;     //????
  27   2        }     
  28   1      }


MODULE INFORMATION:   STATIC OVERLAYABLE
   CODE SIZE        =     54    ----
   CONSTANT SIZE    =   ----    ----
   XDATA SIZE       =   ----    ----
   PDATA SIZE       =   ----    ----
   DATA SIZE        =   ----       2
   IDATA SIZE       =   ----    ----
   BIT SIZE         =   ----    ----
END OF MODULE INFORMATION.


C51 COMPILATION COMPLETE.  0 WARNING(S),  0 ERROR(S)
