C51 COMPILER V9.54   MAIN                                                                  10/24/2023 14:31:06 PAGE 1   


C51 COMPILER V9.54, COMPILATION OF MODULE MAIN
OBJECT MODULE PLACED IN .\Objects\main.obj
COMPILER INVOKED BY: C:\Keil_v5\C51\BIN\C51.EXE main.c OPTIMIZE(8,SPEED) BROWSE DEBUG OBJECTEXTEND PRINT(.\Listings\main
                    -.lst) TABS(2) OBJECT(.\Objects\main.obj)

line level    source

   1          #include <REGX52.H>
   2          
   3          
   4          
   5          unsigned char NixieTable[]={0x3F,0x06,0x5B,0x4F,0x66,0x6D,0x7D,0x07,0x7F,0x6F,0x76,0x40};
   6          
   7            //H:0x76 -:0x40
   8          
   9          void Delay(unsigned int xms)
  10          {
  11   1        unsigned char i, j;
  12   1        while(xms--)
  13   1        {
  14   2          i = 2;
  15   2          j = 239;
  16   2          do
  17   2          {
  18   3            while (--j);
  19   3          } while (--i);
  20   2        }
  21   1      }
  22          
  23          
  24          void Nixie(unsigned char Location,Number)
  25          {
  26   1        if(Location>=1&&Location<=8){
  27   2        switch(Location)
  28   2        {
  29   3          case 1:P2_4=1;P2_3=1;P2_2=1;break;
  30   3          case 2:P2_4=1;P2_3=1;P2_2=0;break;
  31   3          case 3:P2_4=1;P2_3=0;P2_2=1;break;
  32   3          case 4:P2_4=1;P2_3=0;P2_2=0;break;
  33   3          case 5:P2_4=0;P2_3=1;P2_2=1;break;
  34   3          case 6:P2_4=0;P2_3=1;P2_2=0;break;
  35   3          case 7:P2_4=0;P2_3=0;P2_2=1;break;
  36   3          case 8:P2_4=0;P2_3=0;P2_2=0;break;
  37   3        }
  38   2          P0=NixieTable[Number];  
  39   2          Delay(1);       
  40   2          P0=0x00;  
  41   2      }else{
  42   2          Delay(1);
  43   2      
  44   2      }
  45   1        
  46   1        
  47   1              
  48   1      }
  49          
  50          void main()
  51          {
  52   1        unsigned char i,j=100;
  53   1        
  54   1        Nixie(8-i,10);
C51 COMPILER V9.54   MAIN                                                                  10/24/2023 14:31:06 PAGE 2   

  55   1        Nixie(9-i,1);
  56   1        Nixie(10-i,11);
  57   1        Nixie(11-i,2);
  58   1        Nixie(12-i,0);
  59   1        Nixie(13-i,2);
  60   1        Nixie(14-i,3);
  61   1        
  62   1        while(1)
  63   1        {
  64   2            for(i=0;i<15;i++){
  65   3              
  66   3                j=100;
  67   3                while(j>0){
  68   4                  Nixie(8-i,10);
  69   4                  Nixie(9-i,1);
  70   4                  Nixie(10-i,11);
  71   4                  Nixie(11-i,2);
  72   4                  Nixie(12-i,0);
  73   4                  Nixie(13-i,2);
  74   4                  Nixie(14-i,3);
  75   4                  j--;
  76   4                }
  77   3            }
  78   2        }
  79   1      }


MODULE INFORMATION:   STATIC OVERLAYABLE
   CODE SIZE        =    250    ----
   CONSTANT SIZE    =   ----    ----
   XDATA SIZE       =   ----    ----
   PDATA SIZE       =   ----    ----
   DATA SIZE        =     12    ----
   IDATA SIZE       =   ----    ----
   BIT SIZE         =   ----    ----
END OF MODULE INFORMATION.


C51 COMPILATION COMPLETE.  0 WARNING(S),  0 ERROR(S)
