C51 COMPILER V9.54   TIMER0                                                                11/21/2023 14:44:33 PAGE 1   


C51 COMPILER V9.54, COMPILATION OF MODULE TIMER0
OBJECT MODULE PLACED IN .\Objects\Timer0.obj
COMPILER INVOKED BY: C:\Keil_v5\C51\BIN\C51.EXE Timer0.c OPTIMIZE(8,SPEED) BROWSE DEBUG OBJECTEXTEND PRINT(.\Listings\Ti
                    -mer0.lst) TABS(2) OBJECT(.\Objects\Timer0.obj)

line level    source

   1          #include <REGX52.H>
   2          sbit Beep = P1^5;
   3          
   4          /**
   5            * @brief  定时器0初始化，1毫秒@12.000MHz
   6            * @param  无
   7            * @retval 无
   8            */
   9          void Timer0Init(void)
  10          {
  11   1        
  12   1        TMOD = 0x02;    //设置定时器模式
  13   1        TL0 = 256-176;    //设置定时初值
  14   1        TH0 = 256-176;    //设置定时重载值
  15   1        TF0 = 0;    //清除TF0标志
  16   1        ET0=1;
  17   1        EA=1;
  18   1        TR0 = 1;     //启动定时器0
  19   1        
  20   1      }
  21          
  22          //定时器中断函数模板
  23          void Timer0_Routine() interrupt 1
  24          {
  25   1        static unsigned int T0Count = 0,a = 0 ,b=0;
  26   1      
  27   1        if(!a)
  28   1        {     
  29   2          b++;
  30   2          if(b==5)
  31   2          {
  32   3              Beep=~Beep;
  33   3                  b=0;
  34   3          }
  35   2          T0Count++;
  36   2          if(T0Count==5264)
  37   2          {
  38   3            a=1;
  39   3          } 
  40   2        }
  41   1      }
  42          
  43          //void Timer1_Routine() interrupt 3
  44          //{
  45          //  static unsigned int T1Count = 0;
  46          //  TL0 = (65536-9216)%256;   //设置定时初值
  47          //  TH0 = (65536-9216)/256;   //设置定时初值
  48          //  T1Count++;
  49          //  if(T1Count==100)
  50          //  {
  51          //    
  52          //  }
  53          //}
  54          
C51 COMPILER V9.54   TIMER0                                                                11/21/2023 14:44:33 PAGE 2   



MODULE INFORMATION:   STATIC OVERLAYABLE
   CODE SIZE        =     75    ----
   CONSTANT SIZE    =   ----    ----
   XDATA SIZE       =   ----    ----
   PDATA SIZE       =   ----    ----
   DATA SIZE        =      6    ----
   IDATA SIZE       =   ----    ----
   BIT SIZE         =   ----    ----
END OF MODULE INFORMATION.


C51 COMPILATION COMPLETE.  0 WARNING(S),  0 ERROR(S)
