C51 COMPILER V9.54   ONEWIRE                                                               11/28/2023 14:34:12 PAGE 1   


C51 COMPILER V9.54, COMPILATION OF MODULE ONEWIRE
OBJECT MODULE PLACED IN .\Objects\OneWire.obj
COMPILER INVOKED BY: E:\C51\C51\BIN\C51.EXE OneWire.c OPTIMIZE(8,SPEED) BROWSE DEBUG OBJECTEXTEND PRINT(.\Listings\OneWi
                    -re.lst) TABS(2) OBJECT(.\Objects\OneWire.obj)

line level    source

   1          #include <REGX52.H>
   2          
   3          //引脚定义
   4          sbit OneWire_DQ=P3^7;
   5          
   6          /**
   7            * @brief  单总线初始化
   8            * @param  无
   9            * @retval 从机响应位，0为响应，1为未响应
  10            */
  11          unsigned char OneWire_Init(void)
  12          {
  13   1        unsigned char i;
  14   1        unsigned char AckBit;
  15   1        EA=0;
  16   1        OneWire_DQ=1;
  17   1        OneWire_DQ=0;
  18   1        i = 247;while (--i);    //Delay 500us
  19   1        OneWire_DQ=1;
  20   1        i = 32;while (--i);     //Delay 70us
  21   1        AckBit=OneWire_DQ;
  22   1        i = 247;while (--i);    //Delay 500us
  23   1        EA=1;
  24   1        return AckBit;
  25   1      }
  26          
  27          /**
  28            * @brief  单总线发送一位
  29            * @param  Bit 要发送的位
  30            * @retval 无
  31            */
  32          void OneWire_SendBit(unsigned char Bit)
  33          {
  34   1        unsigned char i;
  35   1        EA=0;
  36   1        OneWire_DQ=0;
  37   1        i = 4;while (--i);      //Delay 10us
  38   1        OneWire_DQ=Bit;
  39   1        i = 24;while (--i);     //Delay 50us
  40   1        OneWire_DQ=1;
  41   1        EA=1;
  42   1      }
  43          
  44          /**
  45            * @brief  单总线接收一位
  46            * @param  无
  47            * @retval 读取的位
  48            */
  49          unsigned char OneWire_ReceiveBit(void)
  50          {
  51   1        unsigned char i;
  52   1        unsigned char Bit;
  53   1        EA=0;
  54   1        OneWire_DQ=0;
C51 COMPILER V9.54   ONEWIRE                                                               11/28/2023 14:34:12 PAGE 2   

  55   1        i = 2;while (--i);      //Delay 5us
  56   1        OneWire_DQ=1;
  57   1        i = 2;while (--i);      //Delay 5us
  58   1        Bit=OneWire_DQ;
  59   1        i = 24;while (--i);     //Delay 50us
  60   1        EA=1;
  61   1        return Bit;
  62   1      }
  63          
  64          /**
  65            * @brief  单总线发送一个字节
  66            * @param  Byte 要发送的字节
  67            * @retval 无
  68            */
  69          void OneWire_SendByte(unsigned char Byte)
  70          {
  71   1        unsigned char i;
  72   1        for(i=0;i<8;i++)
  73   1        {
  74   2          OneWire_SendBit(Byte&(0x01<<i));
  75   2        }
  76   1      }
  77          
  78          /**
  79            * @brief  单总线接收一个字节
  80            * @param  无
  81            * @retval 接收的一个字节
  82            */
  83          unsigned char OneWire_ReceiveByte(void)
  84          {
  85   1        unsigned char i;
  86   1        unsigned char Byte=0x00;
  87   1        for(i=0;i<8;i++)
  88   1        {
  89   2          if(OneWire_ReceiveBit()){Byte|=(0x01<<i);}
  90   2        }
  91   1        return Byte;
  92   1      }


MODULE INFORMATION:   STATIC OVERLAYABLE
   CODE SIZE        =    134    ----
   CONSTANT SIZE    =   ----    ----
   XDATA SIZE       =   ----    ----
   PDATA SIZE       =   ----    ----
   DATA SIZE        =   ----    ----
   IDATA SIZE       =   ----    ----
   BIT SIZE         =   ----    ----
END OF MODULE INFORMATION.


C51 COMPILATION COMPLETE.  0 WARNING(S),  0 ERROR(S)
