C51 COMPILER V9.54   MAIN                                                                  11/14/2023 22:12:22 PAGE 1   


C51 COMPILER V9.54, COMPILATION OF MODULE MAIN
OBJECT MODULE PLACED IN .\Objects\main.obj
COMPILER INVOKED BY: E:\C51\C51\BIN\C51.EXE main.c OPTIMIZE(8,SPEED) BROWSE DEBUG OBJECTEXTEND PRINT(.\Listings\main.lst
                    -) TABS(2) OBJECT(.\Objects\main.obj)

line level    source

   1          #include <REGX52.H>
   2          
   3          
   4          
   5          unsigned char NixieTable[]={0x3F,0x06,0x5B,0x4F,0x66,0x6D,0x7D,0x07,0x7F,0x6F};
   6          
   7          void Delay(unsigned int xms)
   8          {
   9   1        unsigned char i, j;
  10   1        while(xms--)
  11   1        {
  12   2          i = 2;
  13   2          j = 239;
  14   2          do
  15   2          {
  16   3            while (--j);
  17   3          } while (--i);
  18   2        }
  19   1      }
  20          
  21          
  22          void Nixie(unsigned char Location,Number)
  23          {
  24   1        
  25   1        switch(Location)
  26   1        {
  27   2          case 1:P2_4=1;P2_3=1;P2_2=1;break;
  28   2          case 2:P2_4=1;P2_3=1;P2_2=0;break;
  29   2          case 3:P2_4=1;P2_3=0;P2_2=1;break;
  30   2          case 4:P2_4=1;P2_3=0;P2_2=0;break;
  31   2          case 5:P2_4=0;P2_3=1;P2_2=1;break;
  32   2          case 6:P2_4=0;P2_3=1;P2_2=0;break;
  33   2          case 7:P2_4=0;P2_3=0;P2_2=1;break;
  34   2          case 8:P2_4=0;P2_3=0;P2_2=0;break;
  35   2        }
  36   1        P0=NixieTable[Number];  //????
  37   1        Delay(1);       
  38   1        P0=0x00;        
  39   1      }
  40          
  41          void main()
  42          {
  43   1        
  44   1        while(1)
  45   1        {
  46   2          Nixie(1,1); 
  47   2          Nixie(2,1); 
  48   2          Nixie(3,1);   
  49   2          Nixie(4,1); 
  50   2          Nixie(5,1);
  51   2          Nixie(6,1);
  52   2          Nixie(7,1);
  53   2          Nixie(8,1);
  54   2        }
C51 COMPILER V9.54   MAIN                                                                  11/14/2023 22:12:22 PAGE 2   

  55   1      }


MODULE INFORMATION:   STATIC OVERLAYABLE
   CODE SIZE        =    200    ----
   CONSTANT SIZE    =   ----    ----
   XDATA SIZE       =   ----    ----
   PDATA SIZE       =   ----    ----
   DATA SIZE        =     10    ----
   IDATA SIZE       =   ----    ----
   BIT SIZE         =   ----    ----
END OF MODULE INFORMATION.


C51 COMPILATION COMPLETE.  0 WARNING(S),  0 ERROR(S)
