C51 COMPILER V9.54   BUZZER                                                                11/28/2023 10:39:54 PAGE 1   


C51 COMPILER V9.54, COMPILATION OF MODULE BUZZER
OBJECT MODULE PLACED IN .\Objects\Buzzer.obj
COMPILER INVOKED BY: E:\C51\C51\BIN\C51.EXE Buzzer.c OPTIMIZE(8,SPEED) BROWSE DEBUG OBJECTEXTEND PRINT(.\Listings\Buzzer
                    -.lst) TABS(2) OBJECT(.\Objects\Buzzer.obj)

line level    source

   1          //#include <REGX52.H>
   2          //#include <INTRINS.H>
   3          //#include "delay.h"
   4          ////蜂鸣器端口：
   5          //sbit Buzzer=P1^5;
   6          
   7          ///**
   8          //  * @brief  蜂鸣器私有延时函数，延时500us
   9          //  * @param  无
  10          //  * @retval 无
  11          //  */
  12          //void Buzzer_Delay500us()    //@12.000MHz
  13          //{
  14          //  unsigned char i;
  15          
  16          //  _nop_();
  17          //  i = 247;
  18          //  while (--i);
  19          //}
  20          
  21          ///**
  22          //  * @brief  蜂鸣器发声
  23          //  * @param  ms 发声的时长，范围：0~32767
  24          //  * @retval 无
  25          //  */
  26          //void Buzzer_Time(unsigned int ms)
  27          //{
  28          //  unsigned int i;
  29          //  while(1){
  30          //    Buzzer=1;
  31          //    Delay(1);
  32          //    Buzzer=0;
  33          //    Delay(1);
  34          //    if (externalInterruptFlag) {
  35          //            // 处理外部中断触发的操作
  36          //            Buzzer = 0;  // 停止蜂鸣器响铃
  37          //            externalInterruptFlag = 0;
  38          //            break;       // 跳出循环
  39          //    }
  40          //  }
  41          ////  for(i=0;i<ms*2;i++)
  42          ////  {
  43          ////    Buzzer=!Buzzer;
  44          ////    Buzzer_Delay500us();
  45          ////  }
  46          //}


MODULE INFORMATION:   STATIC OVERLAYABLE
   CODE SIZE        =   ----    ----
   CONSTANT SIZE    =   ----    ----
   XDATA SIZE       =   ----    ----
   PDATA SIZE       =   ----    ----
   DATA SIZE        =   ----    ----
C51 COMPILER V9.54   BUZZER                                                                11/28/2023 10:39:54 PAGE 2   

   IDATA SIZE       =   ----    ----
   BIT SIZE         =   ----    ----
END OF MODULE INFORMATION.


C51 COMPILATION COMPLETE.  0 WARNING(S),  0 ERROR(S)
