C51 COMPILER V9.54   TIMER0                                                                11/28/2023 10:39:54 PAGE 1   


C51 COMPILER V9.54, COMPILATION OF MODULE TIMER0
OBJECT MODULE PLACED IN .\Objects\Timer0.obj
COMPILER INVOKED BY: E:\C51\C51\BIN\C51.EXE Timer0.c OPTIMIZE(8,SPEED) BROWSE DEBUG OBJECTEXTEND PRINT(.\Listings\Timer0
                    -.lst) TABS(2) OBJECT(.\Objects\Timer0.obj)

line level    source

   1          #include <REGX52.H>
   2          
   3          /**
   4            * @brief  定时器0初始化，100us@12.000MHz
   5            * @param  无
   6            * @retval 无
   7            */
   8          void Timer0_Init(void)
   9          {
  10   1        TMOD &= 0x80;   //设置定时器模式
  11   1        TMOD |= 0xF0;   //设置定时器模式
  12   1        TL0 = 0xA0;   //设置定时初值
  13   1        TH0 = 0x15;   //设置定时初值
  14   1        TF0 = 0;    //清除TF0标志
  15   1        TR0 = 1;    //定时器0开始计时
  16   1        ET0=1;
  17   1        EA=1;
  18   1        PT0=0;
  19   1      }
  20          
  21          /*void Timer1Init(void)   //1毫秒@12.000MHz
  22          {
  23            TMOD |= 0x40;   //定时器时钟1T模式
  24            TMOD &= 0x0F;   //设置定时器模式
  25            TL1 = 0x30;   //设置定时初值
  26            TH1 = 0xD3;   //设置定时初值
  27            TF1 = 0;    //清除TF1标志
  28            TR1 = 1;    //定时器1开始计时
  29            ET1=1;
  30            EA=1;
  31            PT1=0;
  32          }*/
  33          
  34          
  35          /*定时器中断函数模板
  36          void Timer0_Routine() interrupt 1
  37          {
  38            static unsigned int T0Count;
  39            TL0 = 0x9C;   //设置定时初值
  40            TH0 = 0xFF;   //设置定时初值
  41            T0Count++;
  42            if(T0Count>=1000)
  43            {
  44              T0Count=0;
  45              
  46            }
  47          }
  48          */


MODULE INFORMATION:   STATIC OVERLAYABLE
   CODE SIZE        =     23    ----
   CONSTANT SIZE    =   ----    ----
   XDATA SIZE       =   ----    ----
C51 COMPILER V9.54   TIMER0                                                                11/28/2023 10:39:54 PAGE 2   

   PDATA SIZE       =   ----    ----
   DATA SIZE        =   ----    ----
   IDATA SIZE       =   ----    ----
   BIT SIZE         =   ----    ----
END OF MODULE INFORMATION.


C51 COMPILATION COMPLETE.  0 WARNING(S),  0 ERROR(S)
